[0mGET / [32m200 [0m262.508 ms - 1082[0m
[0mGET /css/core.css [32m200 [0m6.576 ms - 42615[0m
[0mGET /js/bootstrap-table/bootstrap-table.min.css [32m200 [0m7.217 ms - 4660[0m
[0mGET /css/pages.css [32m200 [0m7.236 ms - 38487[0m
[0mGET /css/components.css [32m200 [0m7.575 ms - 48612[0m
[0mGET /css/bootstrap.css [32m200 [0m6.940 ms - 152912[0m
[0mGET /css/icons.css [32m200 [0m6.691 ms - 198685[0m
[0mGET /js/datatables/datatables.css [32m200 [0m0.374 ms - 7703[0m
[0mGET /css/modal.css [32m200 [0m0.458 ms - 751[0m
[0mGET /css/style.css [32m200 [0m0.511 ms - 1486[0m
[0mGET /vendor/antd/antd.css [32m200 [0m1.023 ms - 391081[0m
[0mGET /js/jquery.min.js [32m200 [0m1.694 ms - 84380[0m
[0mGET /js/bootstrap.min.js [32m200 [0m1.284 ms - 36868[0m
[0mGET /js/dataTables.bootstrap.js [32m200 [0m1.088 ms - 4287[0m
[0mGET /js/datatables.editable.init.js [32m200 [0m1.234 ms - 5374[0m
[0mGET /js/bootstrap-table/bootstrap-table.min.js [32m200 [0m0.995 ms - 42832[0m
[0mGET /js/datatables/jquery.dataTables.js [32m200 [0m1.389 ms - 440911[0m
[0mGET /js/jquery.bs-table.js [32m200 [0m0.787 ms - 2487[0m
[0mGET /css/bootstrap.css.map [33m404 [0m19.773 ms - 1336[0m
[0mGET /vendor/antd/antd.css.map [32m200 [0m0.390 ms - 442622[0m
[0mGET /js/app/entry.js [32m200 [0m2.374 ms - 4785514[0m
[0mGET /js/app/entry.js [32m200 [0m0.820 ms - 4785514[0m
[0mGET /js/app/entry.js [32m200 [0m1.507 ms - 4785514[0m
[0mGET /js/app/foo.js.map [33m404 [0m29.776 ms - 1336[0m
[0mGET /fonts/fontawesome-webfont.woff2?v=4.5.0 [32m200 [0m3.120 ms - 66624[0m
[0mGET /js/jquery.min.map [33m404 [0m26.554 ms - 1336[0m
[0mGET /native%20array.js [33m404 [0m25.893 ms - 1336[0m
[0mGET /native%20array.js [33m404 [0m9.609 ms - 1336[0m
[0mGET / [32m200 [0m56.968 ms - 1082[0m
[0mGET /css/bootstrap.css [36m304 [0m0.934 ms - -[0m
[0mGET /css/core.css [36m304 [0m1.117 ms - -[0m
[0mGET /css/icons.css [36m304 [0m1.223 ms - -[0m
[0mGET /css/components.css [36m304 [0m0.842 ms - -[0m
[0mGET /css/pages.css [36m304 [0m0.799 ms - -[0m
[0mGET /js/bootstrap-table/bootstrap-table.min.css [36m304 [0m0.166 ms - -[0m
[0mGET /js/datatables/datatables.css [36m304 [0m0.785 ms - -[0m
[0mGET /css/modal.css [36m304 [0m0.620 ms - -[0m
[0mGET /vendor/antd/antd.css [36m304 [0m0.176 ms - -[0m
[0mGET /css/style.css [36m304 [0m0.489 ms - -[0m
[0mGET /js/app/entry.js [36m304 [0m0.532 ms - -[0m
[0mGET /js/jquery.min.js [36m304 [0m0.172 ms - -[0m
[0mGET /js/bootstrap.min.js [36m304 [0m0.461 ms - -[0m
[0mGET /js/datatables/jquery.dataTables.js [36m304 [0m0.601 ms - -[0m
[0mGET /js/dataTables.bootstrap.js [36m304 [0m0.319 ms - -[0m
[0mGET /js/datatables.editable.init.js [36m304 [0m0.220 ms - -[0m
[0mGET /js/bootstrap-table/bootstrap-table.min.js [36m304 [0m0.166 ms - -[0m
[0mGET /js/jquery.bs-table.js [36m304 [0m0.173 ms - -[0m
[0mGET /js/app/entry.js [36m304 [0m0.333 ms - -[0m
[0mGET /js/app/entry.js [36m304 [0m0.216 ms - -[0m
[0mGET /js/app/foo.js.map [33m404 [0m19.825 ms - 1336[0m
[0mGET /fonts/fontawesome-webfont.woff2?v=4.5.0 [36m304 [0m0.225 ms - -[0m
[0mGET /native%20array.js [33m404 [0m17.915 ms - 1336[0m
[0mGET /native%20array.js [33m404 [0m8.484 ms - 1336[0m
[0mGET / [32m200 [0m53.864 ms - 1082[0m
[0mGET /css/bootstrap.css [36m304 [0m1.153 ms - -[0m
[0mGET /css/core.css [36m304 [0m1.051 ms - -[0m
[0mGET /css/icons.css [36m304 [0m0.376 ms - -[0m
[0mGET /css/components.css [36m304 [0m0.371 ms - -[0m
[0mGET /css/pages.css [36m304 [0m0.297 ms - -[0m
[0mGET /js/bootstrap-table/bootstrap-table.min.css [36m304 [0m0.507 ms - -[0m
[0mGET /js/datatables/datatables.css [36m304 [0m0.185 ms - -[0m
[0mGET /css/modal.css [36m304 [0m0.159 ms - -[0m
[0mGET /vendor/antd/antd.css [36m304 [0m0.205 ms - -[0m
[0mGET /css/style.css [36m304 [0m0.183 ms - -[0m
[0mGET /js/jquery.min.js [36m304 [0m0.723 ms - -[0m
[0mGET /js/bootstrap.min.js [36m304 [0m0.334 ms - -[0m
[0mGET /js/datatables/jquery.dataTables.js [36m304 [0m0.309 ms - -[0m
[0mGET /js/dataTables.bootstrap.js [36m304 [0m0.280 ms - -[0m
[0mGET /js/datatables.editable.init.js [36m304 [0m0.161 ms - -[0m
[0mGET /js/bootstrap-table/bootstrap-table.min.js [36m304 [0m0.170 ms - -[0m
[0mGET /js/jquery.bs-table.js [36m304 [0m0.151 ms - -[0m
[0mGET /js/app/entry.js [32m200 [0m1.326 ms - 4785516[0m
[0mGET /js/app/entry.js [36m304 [0m0.290 ms - -[0m
[0mGET /js/app/entry.js [36m304 [0m0.532 ms - -[0m
[0mGET /js/app/foo.js.map [33m404 [0m22.147 ms - 1336[0m
[0mGET /fonts/fontawesome-webfont.woff2?v=4.5.0 [36m304 [0m0.430 ms - -[0m
[0mGET /native%20array.js [33m404 [0m24.576 ms - 1336[0m
[0mGET /native%20array.js [33m404 [0m10.042 ms - 1336[0m
[0mGET / [32m200 [0m50.882 ms - 1082[0m
[0mGET /css/bootstrap.css [36m304 [0m0.633 ms - -[0m
[0mGET /css/core.css [36m304 [0m0.614 ms - -[0m
[0mGET /css/icons.css [36m304 [0m0.179 ms - -[0m
[0mGET /css/components.css [36m304 [0m0.158 ms - -[0m
[0mGET /css/pages.css [36m304 [0m0.623 ms - -[0m
[0mGET /js/bootstrap-table/bootstrap-table.min.css [36m304 [0m0.535 ms - -[0m
[0mGET /js/datatables/datatables.css [36m304 [0m0.212 ms - -[0m
[0mGET /css/modal.css [36m304 [0m0.714 ms - -[0m
[0mGET /vendor/antd/antd.css [36m304 [0m0.177 ms - -[0m
[0mGET /css/style.css [36m304 [0m0.169 ms - -[0m
[0mGET /js/jquery.min.js [36m304 [0m0.185 ms - -[0m
[0mGET /js/bootstrap.min.js [36m304 [0m0.159 ms - -[0m
[0mGET /js/datatables/jquery.dataTables.js [36m304 [0m0.186 ms - -[0m
[0mGET /js/dataTables.bootstrap.js [36m304 [0m0.169 ms - -[0m
[0mGET /js/datatables.editable.init.js [36m304 [0m0.145 ms - -[0m
[0mGET /js/bootstrap-table/bootstrap-table.min.js [36m304 [0m0.180 ms - -[0m
[0mGET /js/jquery.bs-table.js [36m304 [0m0.146 ms - -[0m
[0mGET /js/app/entry.js [32m200 [0m0.610 ms - 4785482[0m
[0mGET /js/app/entry.js [36m304 [0m0.625 ms - -[0m
[0mGET /js/app/entry.js [36m304 [0m0.572 ms - -[0m
[0mGET /js/app/foo.js.map [33m404 [0m20.291 ms - 1336[0m
[0mGET /fonts/fontawesome-webfont.woff2?v=4.5.0 [36m304 [0m0.413 ms - -[0m
[0mGET /native%20array.js [33m404 [0m16.227 ms - 1336[0m
[0mGET /native%20array.js [33m404 [0m8.711 ms - 1336[0m
[0mGET / [32m200 [0m25.102 ms - 1082[0m
[0mGET /css/bootstrap.css [36m304 [0m0.268 ms - -[0m
[0mGET /css/core.css [36m304 [0m0.863 ms - -[0m
[0mGET /css/icons.css [36m304 [0m0.678 ms - -[0m
[0mGET /css/components.css [36m304 [0m2.213 ms - -[0m
[0mGET /css/pages.css [36m304 [0m1.496 ms - -[0m
[0mGET /js/bootstrap-table/bootstrap-table.min.css [36m304 [0m1.289 ms - -[0m
[0mGET /js/datatables/datatables.css [36m304 [0m0.221 ms - -[0m
[0mGET /css/modal.css [36m304 [0m1.104 ms - -[0m
[0mGET /vendor/antd/antd.css [36m304 [0m0.462 ms - -[0m
[0mGET /css/style.css [36m304 [0m1.537 ms - -[0m
[0mGET /js/app/entry.js [36m304 [0m1.432 ms - -[0m
[0mGET /js/jquery.min.js [36m304 [0m1.059 ms - -[0m
[0mGET /js/bootstrap.min.js [36m304 [0m0.686 ms - -[0m
[0mGET /js/datatables/jquery.dataTables.js [36m304 [0m0.770 ms - -[0m
[0mGET /js/dataTables.bootstrap.js [36m304 [0m0.795 ms - -[0m
[0mGET /js/datatables.editable.init.js [36m304 [0m0.210 ms - -[0m
[0mGET /js/bootstrap-table/bootstrap-table.min.js [36m304 [0m0.353 ms - -[0m
[0mGET /js/jquery.bs-table.js [36m304 [0m0.375 ms - -[0m
[0mGET /js/app/entry.js [36m304 [0m0.213 ms - -[0m
[0mGET /js/app/entry.js [36m304 [0m0.442 ms - -[0m
[0mGET /js/app/foo.js.map [33m404 [0m10.221 ms - 1336[0m
[0mGET /fonts/fontawesome-webfont.woff2?v=4.5.0 [36m304 [0m0.534 ms - -[0m
[0mGET / [32m200 [0m25.487 ms - 1082[0m
[0mGET /css/bootstrap.css [36m304 [0m0.193 ms - -[0m
[0mGET /css/core.css [36m304 [0m0.182 ms - -[0m
[0mGET /css/icons.css [36m304 [0m0.159 ms - -[0m
[0mGET /css/components.css [36m304 [0m0.276 ms - -[0m
[0mGET /css/pages.css [36m304 [0m3.132 ms - -[0m
[0mGET /js/bootstrap-table/bootstrap-table.min.css [36m304 [0m4.608 ms - -[0m
[0mGET /js/datatables/datatables.css [36m304 [0m4.417 ms - -[0m
[0mGET /css/modal.css [36m304 [0m4.409 ms - -[0m
[0mGET /vendor/antd/antd.css [36m304 [0m1.091 ms - -[0m
[0mGET /css/style.css [36m304 [0m0.798 ms - -[0m
[0mGET /js/jquery.min.js [36m304 [0m0.163 ms - -[0m
[0mGET /js/bootstrap.min.js [36m304 [0m0.176 ms - -[0m
[0mGET /js/datatables/jquery.dataTables.js [36m304 [0m0.174 ms - -[0m
[0mGET /js/dataTables.bootstrap.js [36m304 [0m0.180 ms - -[0m
[0mGET /js/datatables.editable.init.js [36m304 [0m0.138 ms - -[0m
[0mGET /js/bootstrap-table/bootstrap-table.min.js [36m304 [0m0.312 ms - -[0m
[0mGET /js/jquery.bs-table.js [36m304 [0m0.155 ms - -[0m
[0mGET /js/app/entry.js [32m200 [0m0.860 ms - 4785428[0m
[0mGET /js/app/entry.js [36m304 [0m0.310 ms - -[0m
[0mGET /js/app/entry.js [36m304 [0m0.517 ms - -[0m
[0mGET /js/app/foo.js.map [33m404 [0m12.984 ms - 1336[0m
[0mGET /fonts/fontawesome-webfont.woff2?v=4.5.0 [36m304 [0m0.539 ms - -[0m
[0mGET /native%20array.js [33m404 [0m10.935 ms - 1336[0m
[0mGET /native%20array.js [33m404 [0m6.485 ms - 1336[0m
[0mGET / [32m200 [0m10.246 ms - 1082[0m
[0mGET /css/bootstrap.css [36m304 [0m0.318 ms - -[0m
[0mGET /css/core.css [36m304 [0m0.310 ms - -[0m
[0mGET /css/icons.css [36m304 [0m0.173 ms - -[0m
[0mGET /css/components.css [36m304 [0m0.152 ms - -[0m
[0mGET /css/pages.css [36m304 [0m0.687 ms - -[0m
[0mGET /js/bootstrap-table/bootstrap-table.min.css [36m304 [0m0.162 ms - -[0m
[0mGET /js/datatables/datatables.css [36m304 [0m0.267 ms - -[0m
[0mGET /css/modal.css [36m304 [0m0.196 ms - -[0m
[0mGET /vendor/antd/antd.css [36m304 [0m0.157 ms - -[0m
[0mGET /css/style.css [36m304 [0m0.149 ms - -[0m
[0mGET /js/jquery.min.js [36m304 [0m0.279 ms - -[0m
[0mGET /js/bootstrap.min.js [36m304 [0m0.152 ms - -[0m
[0mGET /js/datatables/jquery.dataTables.js [36m304 [0m0.132 ms - -[0m
[0mGET /js/dataTables.bootstrap.js [36m304 [0m0.762 ms - -[0m
[0mGET /js/datatables.editable.init.js [36m304 [0m0.154 ms - -[0m
[0mGET /js/bootstrap-table/bootstrap-table.min.js [36m304 [0m0.173 ms - -[0m
[0mGET /js/jquery.bs-table.js [36m304 [0m0.161 ms - -[0m
[0mGET /js/app/entry.js [32m200 [0m0.887 ms - 4785509[0m
[0mGET /js/app/entry.js [36m304 [0m0.211 ms - -[0m
[0mGET /js/app/entry.js [36m304 [0m0.290 ms - -[0m
[0mGET /js/app/foo.js.map [33m404 [0m3.809 ms - 1336[0m
[0mGET /fonts/fontawesome-webfont.woff2?v=4.5.0 [36m304 [0m0.281 ms - -[0m
[0mGET /native%20array.js [33m404 [0m17.323 ms - 1336[0m
[0mGET /native%20array.js [33m404 [0m5.507 ms - 1336[0m
[0mGET / [32m200 [0m20.034 ms - 1082[0m
[0mGET /css/bootstrap.css [36m304 [0m0.241 ms - -[0m
[0mGET /css/core.css [36m304 [0m0.457 ms - -[0m
[0mGET /css/icons.css [36m304 [0m0.460 ms - -[0m
[0mGET /css/components.css [36m304 [0m0.558 ms - -[0m
[0mGET /css/pages.css [36m304 [0m1.034 ms - -[0m
[0mGET /js/bootstrap-table/bootstrap-table.min.css [36m304 [0m1.193 ms - -[0m
[0mGET /js/datatables/datatables.css [36m304 [0m0.235 ms - -[0m
[0mGET /css/modal.css [36m304 [0m0.231 ms - -[0m
[0mGET /vendor/antd/antd.css [36m304 [0m0.376 ms - -[0m
[0mGET /css/style.css [36m304 [0m0.909 ms - -[0m
[0mGET /js/jquery.min.js [36m304 [0m0.746 ms - -[0m
[0mGET /js/bootstrap.min.js [36m304 [0m0.585 ms - -[0m
[0mGET /js/datatables/jquery.dataTables.js [36m304 [0m0.480 ms - -[0m
[0mGET /js/dataTables.bootstrap.js [36m304 [0m0.474 ms - -[0m
[0mGET /js/datatables.editable.init.js [36m304 [0m0.382 ms - -[0m
[0mGET /js/bootstrap-table/bootstrap-table.min.js [36m304 [0m0.357 ms - -[0m
[0mGET /js/jquery.bs-table.js [36m304 [0m0.185 ms - -[0m
[0mGET /js/app/entry.js [32m200 [0m1.503 ms - 4785544[0m
[0mGET /js/app/entry.js [36m304 [0m0.299 ms - -[0m
[0mGET /js/app/entry.js [36m304 [0m0.816 ms - -[0m
[0mGET /js/app/foo.js.map [33m404 [0m30.818 ms - 1336[0m
[0mGET /fonts/fontawesome-webfont.woff2?v=4.5.0 [36m304 [0m0.819 ms - -[0m
[0mGET /native%20array.js [33m404 [0m14.739 ms - 1336[0m
[0mGET /native%20array.js [33m404 [0m11.267 ms - 1336[0m
[0mGET / [32m200 [0m69.087 ms - 1082[0m
[0mGET /css/bootstrap.css [36m304 [0m0.411 ms - -[0m
[0mGET /css/core.css [36m304 [0m0.310 ms - -[0m
[0mGET /css/icons.css [36m304 [0m0.339 ms - -[0m
[0mGET /css/components.css [36m304 [0m0.386 ms - -[0m
[0mGET /css/pages.css [36m304 [0m0.157 ms - -[0m
[0mGET /js/bootstrap-table/bootstrap-table.min.css [36m304 [0m0.148 ms - -[0m
[0mGET /js/datatables/datatables.css [36m304 [0m0.148 ms - -[0m
[0mGET /css/modal.css [36m304 [0m0.157 ms - -[0m
[0mGET /css/style.css [36m304 [0m0.159 ms - -[0m
[0mGET /vendor/antd/antd.css [36m304 [0m0.145 ms - -[0m
[0mGET /js/jquery.min.js [36m304 [0m0.285 ms - -[0m
[0mGET /js/bootstrap.min.js [36m304 [0m0.142 ms - -[0m
[0mGET /js/datatables/jquery.dataTables.js [36m304 [0m0.161 ms - -[0m
[0mGET /js/dataTables.bootstrap.js [36m304 [0m0.163 ms - -[0m
[0mGET /js/datatables.editable.init.js [36m304 [0m0.155 ms - -[0m
[0mGET /js/bootstrap-table/bootstrap-table.min.js [36m304 [0m0.166 ms - -[0m
[0mGET /js/jquery.bs-table.js [36m304 [0m0.299 ms - -[0m
[0mGET /js/app/entry.js [32m200 [0m0.528 ms - 4785601[0m
[0mGET /js/app/entry.js [36m304 [0m0.576 ms - -[0m
[0mGET /js/app/entry.js [36m304 [0m0.572 ms - -[0m
[0mGET /js/app/foo.js.map [33m404 [0m22.948 ms - 1336[0m
[0mGET /fonts/fontawesome-webfont.woff2?v=4.5.0 [36m304 [0m0.631 ms - -[0m
[0mGET /native%20array.js [33m404 [0m17.866 ms - 1336[0m
[0mGET /native%20array.js [33m404 [0m6.446 ms - 1336[0m
[0mGET /css/bootstrap.css [36m304 [0m3.400 ms - -[0m
[0mGET /css/core.css [36m304 [0m3.477 ms - -[0m
[0mGET /css/icons.css [36m304 [0m0.871 ms - -[0m
[0mGET /css/components.css [36m304 [0m0.760 ms - -[0m
[0mGET /css/pages.css [36m304 [0m0.698 ms - -[0m
[0mGET /js/bootstrap-table/bootstrap-table.min.css [36m304 [0m0.673 ms - -[0m
[0mGET /js/datatables/datatables.css [36m304 [0m0.143 ms - -[0m
[0mGET /css/modal.css [36m304 [0m0.157 ms - -[0m
[0mGET /vendor/antd/antd.css [36m304 [0m0.137 ms - -[0m
[0mGET /css/style.css [36m304 [0m0.150 ms - -[0m
[0mGET /js/jquery.min.map [33m404 [0m24.463 ms - 1336[0m
[0mGET /css/bootstrap.css.map [33m404 [0m21.259 ms - 1336[0m
[0mGET /vendor/antd/antd.css.map [32m200 [0m0.937 ms - 442622[0m
[0mGET / [32m200 [0m34.829 ms - 1082[0m
[0mGET /css/bootstrap.css [36m304 [0m0.244 ms - -[0m
[0mGET /css/core.css [36m304 [0m0.295 ms - -[0m
[0mGET /css/icons.css [36m304 [0m0.296 ms - -[0m
[0mGET /css/components.css [36m304 [0m0.419 ms - -[0m
[0mGET /css/pages.css [36m304 [0m0.408 ms - -[0m
[0mGET /js/bootstrap-table/bootstrap-table.min.css [36m304 [0m0.402 ms - -[0m
[0mGET /js/datatables/datatables.css [36m304 [0m0.157 ms - -[0m
[0mGET /css/modal.css [36m304 [0m0.143 ms - -[0m
[0mGET /vendor/antd/antd.css [36m304 [0m0.144 ms - -[0m
[0mGET /css/style.css [36m304 [0m0.158 ms - -[0m
[0mGET /js/jquery.min.js [36m304 [0m0.284 ms - -[0m
[0mGET /js/bootstrap.min.js [36m304 [0m0.164 ms - -[0m
[0mGET /js/datatables/jquery.dataTables.js [36m304 [0m0.139 ms - -[0m
[0mGET /js/dataTables.bootstrap.js [36m304 [0m0.136 ms - -[0m
[0mGET /js/datatables.editable.init.js [36m304 [0m0.161 ms - -[0m
[0mGET /js/bootstrap-table/bootstrap-table.min.js [36m304 [0m0.162 ms - -[0m
[0mGET /js/jquery.bs-table.js [36m304 [0m0.155 ms - -[0m
[0mGET /js/app/entry.js [32m200 [0m0.651 ms - 4785605[0m
[0mGET /js/app/entry.js [36m304 [0m0.587 ms - -[0m
[0mGET /js/app/entry.js [36m304 [0m0.290 ms - -[0m
[0mGET /js/app/foo.js.map [33m404 [0m19.235 ms - 1336[0m
[0mGET /fonts/fontawesome-webfont.woff2?v=4.5.0 [36m304 [0m0.248 ms - -[0m
[0mGET /native%20array.js [33m404 [0m6.233 ms - 1336[0m
[0mGET /native%20array.js [33m404 [0m4.756 ms - 1336[0m
[0mGET /css/bootstrap.css [36m304 [0m0.294 ms - -[0m
[0mGET /css/core.css [36m304 [0m0.430 ms - -[0m
[0mGET /css/icons.css [36m304 [0m0.703 ms - -[0m
[0mGET /css/components.css [36m304 [0m0.673 ms - -[0m
[0mGET /css/pages.css [36m304 [0m0.408 ms - -[0m
[0mGET /js/bootstrap-table/bootstrap-table.min.css [36m304 [0m0.206 ms - -[0m
[0mGET /js/datatables/datatables.css [36m304 [0m0.233 ms - -[0m
[0mGET /css/modal.css [36m304 [0m0.663 ms - -[0m
[0mGET /vendor/antd/antd.css [36m304 [0m0.785 ms - -[0m
[0mGET /css/style.css [36m304 [0m0.593 ms - -[0m
[0mGET /js/jquery.min.map [33m404 [0m6.413 ms - 1336[0m
[0mGET /css/bootstrap.css.map [33m404 [0m5.430 ms - 1336[0m
[0mGET /vendor/antd/antd.css.map [32m200 [0m0.367 ms - 442622[0m
[0mGET / [32m200 [0m22.340 ms - 1082[0m
[0mGET /css/bootstrap.css [32m200 [0m0.506 ms - 152912[0m
[0mGET /css/core.css [32m200 [0m0.753 ms - 42615[0m
[0mGET /css/components.css [32m200 [0m1.650 ms - 48612[0m
[0mGET /css/pages.css [32m200 [0m0.729 ms - 38487[0m
[0mGET /js/bootstrap-table/bootstrap-table.min.css [32m200 [0m0.701 ms - 4660[0m
[0mGET /css/icons.css [32m200 [0m0.679 ms - 198685[0m
[0mGET /js/datatables/datatables.css [32m200 [0m0.929 ms - 7703[0m
[0mGET /css/modal.css [32m200 [0m1.088 ms - 751[0m
[0mGET /css/style.css [32m200 [0m0.385 ms - 1486[0m
[0mGET /js/jquery.min.js [32m200 [0m0.327 ms - 84380[0m
[0mGET /js/bootstrap.min.js [32m200 [0m0.379 ms - 36868[0m
[0mGET /js/dataTables.bootstrap.js [32m200 [0m1.175 ms - 4287[0m
[0mGET /js/datatables.editable.init.js [32m200 [0m1.348 ms - 5374[0m
[0mGET /js/bootstrap-table/bootstrap-table.min.js [32m200 [0m0.486 ms - 42832[0m
[0mGET /js/jquery.bs-table.js [32m200 [0m1.165 ms - 2487[0m
[0mGET /js/datatables/jquery.dataTables.js [32m200 [0m0.412 ms - 440911[0m
[0mGET /vendor/antd/antd.css [32m200 [0m0.465 ms - 391081[0m
[0mGET /js/app/entry.js [32m200 [0m0.354 ms - 4785605[0m
[0mGET /vendor/antd/antd.css.map [32m200 [0m1.016 ms - 442622[0m
[0mGET / [32m200 [0m28.613 ms - 1082[0m
[0mGET /css/core.css [32m200 [0m1.723 ms - 42615[0m
[0mGET /css/bootstrap.css [32m200 [0m1.514 ms - 152912[0m
[0mGET /css/components.css [32m200 [0m1.165 ms - 48612[0m
[0mGET /css/pages.css [32m200 [0m0.392 ms - 38487[0m
[0mGET /js/bootstrap-table/bootstrap-table.min.css [32m200 [0m0.367 ms - 4660[0m
[0mGET /js/datatables/datatables.css [32m200 [0m0.581 ms - 7703[0m
[0mGET /css/modal.css [32m200 [0m0.538 ms - 751[0m
[0mGET /css/style.css [32m200 [0m1.123 ms - 1486[0m
[0mGET /css/icons.css [32m200 [0m0.846 ms - 198685[0m
[0mGET /js/jquery.min.js [32m200 [0m0.431 ms - 84380[0m
[0mGET /js/bootstrap.min.js [32m200 [0m0.494 ms - 36868[0m
[0mGET /js/datatables/jquery.dataTables.js [32m200 [0m0.362 ms - 440911[0m
[0mGET /js/dataTables.bootstrap.js [32m200 [0m0.387 ms - 4287[0m
[0mGET /js/datatables.editable.init.js [32m200 [0m1.556 ms - 5374[0m
[0mGET /js/bootstrap-table/bootstrap-table.min.js [32m200 [0m0.516 ms - 42832[0m
[0mGET /js/jquery.bs-table.js [32m200 [0m1.216 ms - 2487[0m
[0mGET /vendor/antd/antd.css [32m200 [0m0.475 ms - 391081[0m
[0mGET /css/bootstrap.css.map [33m404 [0m5.291 ms - 1336[0m
[0mGET /vendor/antd/antd.css.map [32m200 [0m0.425 ms - 442622[0m
[0mGET /js/app/entry.js [32m200 [0m0.378 ms - 4785605[0m
[0mGET /js/app/entry.js [32m200 [0m0.502 ms - 4785605[0m
[0mGET /js/app/entry.js [32m200 [0m0.542 ms - 4785605[0m
[0mGET /js/app/foo.js.map [33m404 [0m15.359 ms - 1336[0m
[0mGET /fonts/fontawesome-webfont.woff2?v=4.5.0 [32m200 [0m0.796 ms - 66624[0m
[0mGET /js/jquery.min.map [33m404 [0m4.446 ms - 1336[0m
[0mGET /native%20array.js [33m404 [0m9.513 ms - 1336[0m
[0mGET /native%20array.js [33m404 [0m4.900 ms - 1336[0m
[0mGET / [32m200 [0m40.520 ms - 1082[0m
[0mGET /css/core.css [32m200 [0m5.684 ms - 42615[0m
[0mGET /css/components.css [32m200 [0m1.441 ms - 48612[0m
[0mGET /css/pages.css [32m200 [0m1.183 ms - 38487[0m
[0mGET /js/bootstrap-table/bootstrap-table.min.css [32m200 [0m1.241 ms - 4660[0m
[0mGET /css/bootstrap.css [32m200 [0m0.731 ms - 152912[0m
[0mGET /css/icons.css [32m200 [0m2.811 ms - 198685[0m
[0mGET /js/datatables/datatables.css [32m200 [0m0.381 ms - 7703[0m
[0mGET /css/modal.css [32m200 [0m0.352 ms - 751[0m
[0mGET /css/style.css [32m200 [0m0.339 ms - 1486[0m
[0mGET /js/jquery.min.js [32m200 [0m0.395 ms - 84380[0m
[0mGET /js/bootstrap.min.js [32m200 [0m0.348 ms - 36868[0m
[0mGET /js/dataTables.bootstrap.js [32m200 [0m0.865 ms - 4287[0m
[0mGET /vendor/antd/antd.css [32m200 [0m0.351 ms - 391081[0m
[0mGET /js/datatables.editable.init.js [32m200 [0m0.443 ms - 5374[0m
[0mGET /js/bootstrap-table/bootstrap-table.min.js [32m200 [0m0.392 ms - 42832[0m
[0mGET /js/jquery.bs-table.js [32m200 [0m0.536 ms - 2487[0m
[0mGET /js/datatables/jquery.dataTables.js [32m200 [0m0.349 ms - 440911[0m
[0mGET /css/bootstrap.css.map [33m404 [0m17.052 ms - 1336[0m
[0mGET /vendor/antd/antd.css.map [32m200 [0m0.530 ms - 442622[0m
[0mGET /js/app/entry.js [32m200 [0m0.347 ms - 4785601[0m
[0mGET /js/app/entry.js [32m200 [0m2.531 ms - 4785601[0m
[0mGET /js/app/entry.js [32m200 [0m1.064 ms - 4785601[0m
[0mGET /js/app/foo.js.map [33m404 [0m44.417 ms - 1336[0m
[0mGET /fonts/fontawesome-webfont.woff2?v=4.5.0 [32m200 [0m0.628 ms - 66624[0m
[0mGET /js/jquery.min.map [33m404 [0m13.189 ms - 1336[0m
[0mGET /native%20array.js [33m404 [0m16.487 ms - 1336[0m
[0mGET /native%20array.js [33m404 [0m7.904 ms - 1336[0m
[0mGET /css/bootstrap.css [36m304 [0m0.853 ms - -[0m
[0mGET /css/core.css [36m304 [0m0.347 ms - -[0m
[0mGET /css/icons.css [36m304 [0m0.487 ms - -[0m
[0mGET /css/components.css [36m304 [0m0.491 ms - -[0m
[0mGET /css/pages.css [36m304 [0m0.477 ms - -[0m
[0mGET /js/bootstrap-table/bootstrap-table.min.css [36m304 [0m0.161 ms - -[0m
[0mGET /js/datatables/datatables.css [36m304 [0m0.154 ms - -[0m
[0mGET /css/modal.css [36m304 [0m1.020 ms - -[0m
[0mGET /vendor/antd/antd.css [36m304 [0m0.272 ms - -[0m
[0mGET /css/style.css [36m304 [0m0.228 ms - -[0m
[0mGET /js/jquery.min.map [33m404 [0m19.288 ms - 1336[0m
[0mGET /css/bootstrap.css.map [33m404 [0m10.332 ms - 1336[0m
[0mGET /vendor/antd/antd.css.map [32m200 [0m0.590 ms - 442622[0m
[0mGET / [32m200 [0m32.690 ms - 1082[0m
[0mGET /css/core.css [36m304 [0m0.339 ms - -[0m
[0mGET /css/bootstrap.css [36m304 [0m0.342 ms - -[0m
[0mGET /js/bootstrap-table/bootstrap-table.min.css [36m304 [0m0.917 ms - -[0m
[0mGET /css/pages.css [36m304 [0m0.606 ms - -[0m
[0mGET /css/components.css [36m304 [0m0.587 ms - -[0m
[0mGET /css/icons.css [36m304 [0m0.579 ms - -[0m
[0mGET /css/modal.css [36m304 [0m0.263 ms - -[0m
[0mGET /js/datatables/datatables.css [36m304 [0m0.285 ms - -[0m
[0mGET /vendor/antd/antd.css [36m304 [0m0.175 ms - -[0m
[0mGET /css/style.css [36m304 [0m0.270 ms - -[0m
[0mGET /js/bootstrap.min.js [36m304 [0m0.476 ms - -[0m
[0mGET /js/jquery.min.js [36m304 [0m0.671 ms - -[0m
[0mGET /js/datatables/jquery.dataTables.js [36m304 [0m0.209 ms - -[0m
[0mGET /js/datatables.editable.init.js [36m304 [0m0.282 ms - -[0m
[0mGET /js/dataTables.bootstrap.js [36m304 [0m0.294 ms - -[0m
[0mGET /js/bootstrap-table/bootstrap-table.min.js [36m304 [0m0.282 ms - -[0m
[0mGET /js/jquery.bs-table.js [36m304 [0m0.269 ms - -[0m
[0mGET /js/app/entry.js [32m200 [0m1.096 ms - 4785601[0m
[0mGET /js/app/entry.js [36m304 [0m0.306 ms - -[0m
[0mGET /js/app/entry.js [36m304 [0m0.182 ms - -[0m
[0mGET /js/app/foo.js.map [33m404 [0m6.605 ms - 1336[0m
[0mGET /fonts/fontawesome-webfont.woff2?v=4.5.0 [32m200 [0m0.436 ms - 66624[0m
[0mGET /favicon.ico [33m404 [0m4.617 ms - 1336[0m
[0mGET /native%20array.js [33m404 [0m16.875 ms - 1336[0m
[0mGET /native%20array.js [33m404 [0m6.810 ms - 1336[0m
[0mGET /css/core.css [36m304 [0m0.877 ms - -[0m
[0mGET /css/bootstrap.css [36m304 [0m0.860 ms - -[0m
[0mGET /css/icons.css [36m304 [0m1.770 ms - -[0m
[0mGET /css/components.css [36m304 [0m0.708 ms - -[0m
[0mGET /css/pages.css [36m304 [0m0.450 ms - -[0m
[0mGET /js/bootstrap-table/bootstrap-table.min.css [36m304 [0m0.469 ms - -[0m
[0mGET /js/datatables/datatables.css [36m304 [0m0.256 ms - -[0m
[0mGET /css/modal.css [36m304 [0m1.406 ms - -[0m
[0mGET /css/style.css [36m304 [0m1.488 ms - -[0m
[0mGET /vendor/antd/antd.css [36m304 [0m1.503 ms - -[0m
[0mGET /js/jquery.min.map [33m404 [0m5.543 ms - 1336[0m
[0mGET /css/bootstrap.css.map [33m404 [0m5.258 ms - 1336[0m
[0mGET /vendor/antd/antd.css.map [32m200 [0m0.400 ms - 442622[0m
[0mGET / [32m200 [0m23.889 ms - 1082[0m
[0mGET /css/bootstrap.css [32m200 [0m0.512 ms - 152912[0m
[0mGET /css/core.css [32m200 [0m0.613 ms - 42615[0m
[0mGET /css/components.css [32m200 [0m2.744 ms - 48612[0m
[0mGET /js/bootstrap-table/bootstrap-table.min.css [32m200 [0m1.739 ms - 4660[0m
[0mGET /css/pages.css [32m200 [0m2.071 ms - 38487[0m
[0mGET /js/datatables/datatables.css [32m200 [0m0.330 ms - 7703[0m
[0mGET /css/modal.css [32m200 [0m0.646 ms - 751[0m
[0mGET /css/style.css [32m200 [0m0.502 ms - 1486[0m
[0mGET /js/jquery.min.js [32m200 [0m0.339 ms - 84380[0m
[0mGET /css/icons.css [32m200 [0m2.328 ms - 198685[0m
[0mGET /js/bootstrap.min.js [32m200 [0m0.780 ms - 36868[0m
[0mGET /js/dataTables.bootstrap.js [32m200 [0m0.297 ms - 4287[0m
[0mGET /js/datatables.editable.init.js [32m200 [0m0.352 ms - 5374[0m
[0mGET /js/bootstrap-table/bootstrap-table.min.js [32m200 [0m0.609 ms - 42832[0m
[0mGET /js/jquery.bs-table.js [32m200 [0m0.331 ms - 2487[0m
[0mGET /vendor/antd/antd.css [32m200 [0m0.677 ms - 391081[0m
[0mGET /js/datatables/jquery.dataTables.js [32m200 [0m0.356 ms - 440911[0m
[0mGET /css/bootstrap.css.map [33m404 [0m7.517 ms - 1336[0m
[0mGET /vendor/antd/antd.css.map [32m200 [0m0.438 ms - 442622[0m
[0mGET /js/app/entry.js [32m200 [0m0.518 ms - 4785504[0m
[0mGET /js/app/entry.js [32m200 [0m0.382 ms - 4785504[0m
[0mGET /js/app/entry.js [32m200 [0m0.921 ms - 4785504[0m
[0mGET /js/app/foo.js.map [33m404 [0m13.245 ms - 1336[0m
[0mGET /fonts/fontawesome-webfont.woff2?v=4.5.0 [32m200 [0m1.036 ms - 66624[0m
[0mGET /js/jquery.min.map [33m404 [0m14.147 ms - 1336[0m
[0mGET /native%20array.js [33m404 [0m13.816 ms - 1336[0m
[0mGET /native%20array.js [33m404 [0m5.426 ms - 1336[0m
[0mGET / [32m200 [0m29.918 ms - 1082[0m
[0mGET /css/core.css [32m200 [0m0.500 ms - 42615[0m
[0mGET /css/components.css [32m200 [0m0.747 ms - 48612[0m
[0mGET /js/bootstrap-table/bootstrap-table.min.css [32m200 [0m0.610 ms - 4660[0m
[0mGET /css/pages.css [32m200 [0m0.679 ms - 38487[0m
[0mGET /js/datatables/datatables.css [32m200 [0m0.555 ms - 7703[0m
[0mGET /css/modal.css [32m200 [0m0.545 ms - 751[0m
[0mGET /css/style.css [32m200 [0m0.344 ms - 1486[0m
[0mGET /css/bootstrap.css [32m200 [0m0.627 ms - 152912[0m
[0mGET /js/jquery.min.js [32m200 [0m1.159 ms - 84380[0m
[0mGET /js/bootstrap.min.js [32m200 [0m0.356 ms - 36868[0m
[0mGET /css/icons.css [32m200 [0m0.698 ms - 198685[0m
[0mGET /js/dataTables.bootstrap.js [32m200 [0m0.394 ms - 4287[0m
[0mGET /js/datatables.editable.init.js [32m200 [0m1.245 ms - 5374[0m
[0mGET /js/bootstrap-table/bootstrap-table.min.js [32m200 [0m0.469 ms - 42832[0m
[0mGET /js/jquery.bs-table.js [32m200 [0m0.427 ms - 2487[0m
[0mGET /vendor/antd/antd.css [32m200 [0m0.699 ms - 391081[0m
[0mGET /js/datatables/jquery.dataTables.js [32m200 [0m0.376 ms - 440911[0m
[0mGET /css/bootstrap.css.map [33m404 [0m17.238 ms - 1336[0m
[0mGET /js/app/entry.js [32m200 [0m1.052 ms - 4785687[0m
[0mGET /vendor/antd/antd.css.map [32m200 [0m0.485 ms - 442622[0m
[0mGET /js/app/entry.js [32m200 [0m0.509 ms - 4785687[0m
[0mGET /js/app/entry.js [32m200 [0m0.657 ms - 4785687[0m
[0mGET /js/app/foo.js.map [33m404 [0m34.168 ms - 1336[0m
[0mGET /fonts/fontawesome-webfont.woff2?v=4.5.0 [32m200 [0m0.645 ms - 66624[0m
[0mGET /js/jquery.min.map [33m404 [0m7.989 ms - 1336[0m
[0mGET /native%20array.js [33m404 [0m17.603 ms - 1336[0m
[0mGET /native%20array.js [33m404 [0m9.132 ms - 1336[0m
[0mGET / [32m200 [0m32.601 ms - 1082[0m
[0mGET /css/core.css [32m200 [0m1.876 ms - 42615[0m
[0mGET /css/pages.css [32m200 [0m1.473 ms - 38487[0m
[0mGET /js/bootstrap-table/bootstrap-table.min.css [32m200 [0m1.556 ms - 4660[0m
[0mGET /css/bootstrap.css [32m200 [0m2.064 ms - 152912[0m
[0mGET /css/icons.css [32m200 [0m1.929 ms - 198685[0m
[0mGET /css/components.css [32m200 [0m1.501 ms - 48612[0m
[0mGET /js/datatables/datatables.css [32m200 [0m0.483 ms - 7703[0m
[0mGET /css/modal.css [32m200 [0m0.372 ms - 751[0m
[0mGET /css/style.css [32m200 [0m1.733 ms - 1486[0m
[0mGET /vendor/antd/antd.css [32m200 [0m2.387 ms - 391081[0m
[0mGET /js/bootstrap.min.js [32m200 [0m1.843 ms - 36868[0m
[0mGET /js/jquery.min.js [32m200 [0m1.986 ms - 84380[0m
[0mGET /js/datatables/jquery.dataTables.js [32m200 [0m0.582 ms - 440911[0m
[0mGET /js/dataTables.bootstrap.js [32m200 [0m3.797 ms - 4287[0m
[0mGET /js/datatables.editable.init.js [32m200 [0m0.392 ms - 5374[0m
[0mGET /js/app/entry.js [32m200 [0m2.434 ms - 4785687[0m
[0mGET /js/bootstrap-table/bootstrap-table.min.js [32m200 [0m0.569 ms - 42832[0m
[0mGET /js/jquery.bs-table.js [32m200 [0m0.543 ms - 2487[0m
[0mGET /css/bootstrap.css.map [33m404 [0m14.128 ms - 1336[0m
[0mGET /vendor/antd/antd.css.map [32m200 [0m14.161 ms - 442622[0m
[0mGET /js/app/entry.js [32m200 [0m0.493 ms - 4785687[0m
[0mGET /js/app/entry.js [32m200 [0m0.591 ms - 4785687[0m
[0mGET /js/app/foo.js.map [33m404 [0m10.625 ms - 1336[0m
[0mGET /fonts/fontawesome-webfont.woff2?v=4.5.0 [32m200 [0m1.233 ms - 66624[0m
[0mGET /js/jquery.min.map [33m404 [0m11.474 ms - 1336[0m
[0mGET /native%20array.js [33m404 [0m23.932 ms - 1336[0m
[0mGET /native%20array.js [33m404 [0m7.206 ms - 1336[0m
[0mGET / [32m200 [0m46.548 ms - 1082[0m
[0mGET /css/core.css [32m200 [0m1.307 ms - 42615[0m
[0mGET /js/bootstrap-table/bootstrap-table.min.css [32m200 [0m1.436 ms - 4660[0m
[0mGET /css/pages.css [32m200 [0m1.441 ms - 38487[0m
[0mGET /css/components.css [32m200 [0m1.112 ms - 48612[0m
[0mGET /js/datatables/datatables.css [32m200 [0m0.338 ms - 7703[0m
[0mGET /css/modal.css [32m200 [0m0.323 ms - 751[0m
[0mGET /css/style.css [32m200 [0m0.817 ms - 1486[0m
[0mGET /css/bootstrap.css [32m200 [0m1.054 ms - 152912[0m
[0mGET /css/icons.css [32m200 [0m1.374 ms - 198685[0m
[0mGET /js/bootstrap.min.js [32m200 [0m0.959 ms - 36868[0m
[0mGET /js/jquery.min.js [32m200 [0m1.622 ms - 84380[0m
[0mGET /js/dataTables.bootstrap.js [32m200 [0m1.679 ms - 4287[0m
[0mGET /js/datatables.editable.init.js [32m200 [0m3.364 ms - 5374[0m
[0mGET /js/bootstrap-table/bootstrap-table.min.js [32m200 [0m3.031 ms - 42832[0m
[0mGET /js/jquery.bs-table.js [32m200 [0m3.009 ms - 2487[0m
[0mGET /vendor/antd/antd.css [32m200 [0m0.761 ms - 391081[0m
[0mGET /js/datatables/jquery.dataTables.js [32m200 [0m1.151 ms - 440911[0m
[0mGET /css/bootstrap.css.map [33m404 [0m8.256 ms - 1336[0m
[0mGET /js/app/entry.js [32m200 [0m0.811 ms - 4785691[0m
[0mGET /vendor/antd/antd.css.map [32m200 [0m0.393 ms - 442622[0m
[0mGET /js/app/entry.js [32m200 [0m1.024 ms - 4785691[0m
[0mGET /js/app/entry.js [32m200 [0m0.553 ms - 4785691[0m
[0mGET /js/app/foo.js.map [33m404 [0m35.216 ms - 1336[0m
[0mGET /fonts/fontawesome-webfont.woff2?v=4.5.0 [32m200 [0m2.351 ms - 66624[0m
[0mGET /js/jquery.min.map [33m404 [0m16.350 ms - 1336[0m
[0mGET /native%20array.js [33m404 [0m17.802 ms - 1336[0m
[0mGET /native%20array.js [33m404 [0m9.800 ms - 1336[0m
[0mGET / [32m200 [0m21.615 ms - 1082[0m
[0mGET /css/core.css [32m200 [0m0.730 ms - 42615[0m
[0mGET /js/bootstrap-table/bootstrap-table.min.css [32m200 [0m0.709 ms - 4660[0m
[0mGET /css/pages.css [32m200 [0m0.724 ms - 38487[0m
[0mGET /css/components.css [32m200 [0m0.748 ms - 48612[0m
[0mGET /js/datatables/datatables.css [32m200 [0m0.351 ms - 7703[0m
[0mGET /css/modal.css [32m200 [0m0.342 ms - 751[0m
[0mGET /css/style.css [32m200 [0m0.659 ms - 1486[0m
[0mGET /css/bootstrap.css [32m200 [0m0.671 ms - 152912[0m
[0mGET /js/jquery.min.js [32m200 [0m0.368 ms - 84380[0m
[0mGET /css/icons.css [32m200 [0m0.728 ms - 198685[0m
[0mGET /js/bootstrap.min.js [32m200 [0m0.525 ms - 36868[0m
[0mGET /js/dataTables.bootstrap.js [32m200 [0m1.057 ms - 4287[0m
[0mGET /js/datatables.editable.init.js [32m200 [0m0.742 ms - 5374[0m
[0mGET /js/bootstrap-table/bootstrap-table.min.js [32m200 [0m0.351 ms - 42832[0m
[0mGET /js/jquery.bs-table.js [32m200 [0m0.322 ms - 2487[0m
[0mGET /js/datatables/jquery.dataTables.js [32m200 [0m0.818 ms - 440911[0m
[0mGET /vendor/antd/antd.css [32m200 [0m0.720 ms - 391081[0m
[0mGET /css/bootstrap.css.map [33m404 [0m15.745 ms - 1336[0m
[0mGET /vendor/antd/antd.css.map [32m200 [0m0.310 ms - 442622[0m
[0mGET /js/app/entry.js [32m200 [0m0.686 ms - 4785746[0m
[0mGET /js/app/entry.js [32m200 [0m0.391 ms - 4785746[0m
[0mGET /js/app/entry.js [32m200 [0m1.055 ms - 4785746[0m
[0mGET /js/app/foo.js.map [33m404 [0m24.176 ms - 1336[0m
[0mGET /fonts/fontawesome-webfont.woff2?v=4.5.0 [32m200 [0m1.032 ms - 66624[0m
[0mGET /js/jquery.min.map [33m404 [0m11.232 ms - 1336[0m
[0mGET /native%20array.js [33m404 [0m19.952 ms - 1336[0m
[0mGET /native%20array.js [33m404 [0m10.977 ms - 1336[0m
[0mGET / [32m200 [0m29.442 ms - 1082[0m
[0mGET /css/bootstrap.css [32m200 [0m0.570 ms - 152912[0m
[0mGET /css/core.css [32m200 [0m0.470 ms - 42615[0m
[0mGET /js/bootstrap-table/bootstrap-table.min.css [32m200 [0m1.046 ms - 4660[0m
[0mGET /css/components.css [32m200 [0m0.980 ms - 48612[0m
[0mGET /css/pages.css [32m200 [0m1.043 ms - 38487[0m
[0mGET /js/datatables/datatables.css [32m200 [0m0.364 ms - 7703[0m
[0mGET /css/modal.css [32m200 [0m0.323 ms - 751[0m
[0mGET /css/style.css [32m200 [0m0.580 ms - 1486[0m
[0mGET /js/jquery.min.js [32m200 [0m0.976 ms - 84380[0m
[0mGET /css/icons.css [32m200 [0m0.495 ms - 198685[0m
[0mGET /js/bootstrap.min.js [32m200 [0m0.508 ms - 36868[0m
[0mGET /js/dataTables.bootstrap.js [32m200 [0m0.467 ms - 4287[0m
[0mGET /js/datatables.editable.init.js [32m200 [0m0.760 ms - 5374[0m
[0mGET /js/jquery.bs-table.js [32m200 [0m0.990 ms - 2487[0m
[0mGET /js/bootstrap-table/bootstrap-table.min.js [32m200 [0m1.582 ms - 42832[0m
[0mGET /vendor/antd/antd.css [32m200 [0m0.574 ms - 391081[0m
[0mGET /js/datatables/jquery.dataTables.js [32m200 [0m0.363 ms - 440911[0m
[0mGET /css/bootstrap.css.map [33m404 [0m8.640 ms - 1336[0m
[0mGET /vendor/antd/antd.css.map [32m200 [0m0.399 ms - 442622[0m
[0mGET /js/app/entry.js [32m200 [0m0.857 ms - 4785746[0m
[0mGET /js/app/entry.js [32m200 [0m0.442 ms - 4785746[0m
[0mGET /js/app/entry.js [32m200 [0m0.432 ms - 4785746[0m
[0mGET /js/app/foo.js.map [33m404 [0m7.738 ms - 1336[0m
[0mGET /fonts/fontawesome-webfont.woff2?v=4.5.0 [32m200 [0m0.481 ms - 66624[0m
[0mGET /js/jquery.min.map [33m404 [0m16.300 ms - 1336[0m
[0mGET /native%20array.js [33m404 [0m18.726 ms - 1336[0m
[0mGET /native%20array.js [33m404 [0m9.655 ms - 1336[0m
[0mGET / [32m200 [0m16.986 ms - 1082[0m
[0mGET /css/core.css [32m200 [0m0.263 ms - 42615[0m
[0mGET /css/components.css [32m200 [0m1.781 ms - 48612[0m
[0mGET /css/pages.css [32m200 [0m1.275 ms - 38487[0m
[0mGET /js/bootstrap-table/bootstrap-table.min.css [32m200 [0m1.523 ms - 4660[0m
[0mGET /css/bootstrap.css [32m200 [0m0.612 ms - 152912[0m
[0mGET /css/icons.css [32m200 [0m0.625 ms - 198685[0m
[0mGET /js/datatables/datatables.css [32m200 [0m0.833 ms - 7703[0m
[0mGET /css/modal.css [32m200 [0m0.777 ms - 751[0m
[0mGET /css/style.css [32m200 [0m0.352 ms - 1486[0m
[0mGET /js/bootstrap.min.js [32m200 [0m1.816 ms - 36868[0m
[0mGET /js/jquery.min.js [32m200 [0m1.879 ms - 84380[0m
[0mGET /js/dataTables.bootstrap.js [32m200 [0m0.300 ms - 4287[0m
[0mGET /js/datatables/jquery.dataTables.js [32m200 [0m0.833 ms - 440911[0m
[0mGET /vendor/antd/antd.css [32m200 [0m0.609 ms - 391081[0m
[0mGET /js/bootstrap-table/bootstrap-table.min.js [32m200 [0m0.765 ms - 42832[0m
[0mGET /js/datatables.editable.init.js [32m200 [0m1.174 ms - 5374[0m
[0mGET /js/jquery.bs-table.js [32m200 [0m0.410 ms - 2487[0m
[0mGET /css/bootstrap.css.map [33m404 [0m18.632 ms - 1336[0m
[0mGET /vendor/antd/antd.css.map [32m200 [0m0.635 ms - 442622[0m
[0mGET /js/app/entry.js [32m200 [0m1.963 ms - 4785833[0m
[0mGET /js/app/entry.js [32m200 [0m0.917 ms - 4785833[0m
[0mGET /js/app/entry.js [32m200 [0m0.697 ms - 4785833[0m
[0mGET /js/app/foo.js.map [33m404 [0m16.379 ms - 1336[0m
[0mGET /fonts/fontawesome-webfont.woff2?v=4.5.0 [32m200 [0m3.371 ms - 66624[0m
[0mGET /js/jquery.min.map [33m404 [0m17.718 ms - 1336[0m
[0mGET /native%20array.js [33m404 [0m13.166 ms - 1336[0m
[0mGET /native%20array.js [33m404 [0m7.197 ms - 1336[0m
[0mGET / [32m200 [0m23.933 ms - 1082[0m
[0mGET /css/core.css [32m200 [0m0.464 ms - 42615[0m
[0mGET /css/components.css [32m200 [0m1.083 ms - 48612[0m
[0mGET /js/bootstrap-table/bootstrap-table.min.css [32m200 [0m1.154 ms - 4660[0m
[0mGET /css/pages.css [32m200 [0m1.235 ms - 38487[0m
[0mGET /css/bootstrap.css [32m200 [0m0.620 ms - 152912[0m
[0mGET /css/icons.css [32m200 [0m0.934 ms - 198685[0m
[0mGET /js/datatables/datatables.css [32m200 [0m0.476 ms - 7703[0m
[0mGET /css/style.css [32m200 [0m0.572 ms - 1486[0m
[0mGET /css/modal.css [32m200 [0m0.601 ms - 751[0m
[0mGET /vendor/antd/antd.css [32m200 [0m1.082 ms - 391081[0m
[0mGET /js/jquery.min.js [32m200 [0m0.334 ms - 84380[0m
[0mGET /js/bootstrap.min.js [32m200 [0m0.561 ms - 36868[0m
[0mGET /js/dataTables.bootstrap.js [32m200 [0m0.964 ms - 4287[0m
[0mGET /js/datatables.editable.init.js [32m200 [0m0.585 ms - 5374[0m
[0mGET /js/bootstrap-table/bootstrap-table.min.js [32m200 [0m0.574 ms - 42832[0m
[0mGET /js/datatables/jquery.dataTables.js [32m200 [0m0.570 ms - 440911[0m
[0mGET /js/jquery.bs-table.js [32m200 [0m1.171 ms - 2487[0m
[0mGET /css/bootstrap.css.map [33m404 [0m14.933 ms - 1336[0m
[0mGET /js/app/entry.js [32m200 [0m0.617 ms - 4785830[0m
[0mGET /vendor/antd/antd.css.map [32m200 [0m0.441 ms - 442622[0m
[0mGET /js/app/entry.js [32m200 [0m0.402 ms - 4785830[0m
[0mGET /js/app/entry.js [32m200 [0m0.417 ms - 4785830[0m
[0mGET /js/app/foo.js.map [33m404 [0m39.242 ms - 1336[0m
[0mGET /fonts/fontawesome-webfont.woff2?v=4.5.0 [32m200 [0m1.151 ms - 66624[0m
[0mGET /js/jquery.min.map [33m404 [0m19.805 ms - 1336[0m
[0mGET /native%20array.js [33m404 [0m8.101 ms - 1336[0m
[0mGET /native%20array.js [33m404 [0m6.653 ms - 1336[0m
[0mGET / [32m200 [0m19.523 ms - 1082[0m
[0mGET /css/core.css [32m200 [0m1.231 ms - 42615[0m
[0mGET /css/components.css [32m200 [0m1.230 ms - 48612[0m
[0mGET /js/bootstrap-table/bootstrap-table.min.css [32m200 [0m1.188 ms - 4660[0m
[0mGET /css/pages.css [32m200 [0m1.237 ms - 38487[0m
[0mGET /js/datatables/datatables.css [32m200 [0m0.277 ms - 7703[0m
[0mGET /css/modal.css [32m200 [0m0.259 ms - 751[0m
[0mGET /css/style.css [32m200 [0m0.310 ms - 1486[0m
[0mGET /css/bootstrap.css [32m200 [0m0.690 ms - 152912[0m
[0mGET /css/icons.css [32m200 [0m1.313 ms - 198685[0m
[0mGET /js/bootstrap.min.js [32m200 [0m0.594 ms - 36868[0m
[0mGET /js/jquery.min.js [32m200 [0m0.667 ms - 84380[0m
[0mGET /js/dataTables.bootstrap.js [32m200 [0m0.994 ms - 4287[0m
[0mGET /js/datatables.editable.init.js [32m200 [0m1.448 ms - 5374[0m
[0mGET /js/jquery.bs-table.js [32m200 [0m1.027 ms - 2487[0m
[0mGET /js/bootstrap-table/bootstrap-table.min.js [32m200 [0m1.368 ms - 42832[0m
[0mGET /vendor/antd/antd.css [32m200 [0m0.247 ms - 391081[0m
[0mGET /js/datatables/jquery.dataTables.js [32m200 [0m1.134 ms - 440911[0m
[0mGET /css/bootstrap.css.map [33m404 [0m7.998 ms - 1336[0m
[0mGET /vendor/antd/antd.css.map [32m200 [0m8.517 ms - 442622[0m
[0mGET /js/app/entry.js [32m200 [0m0.327 ms - 4785830[0m
[0mGET /js/app/entry.js [32m200 [0m1.060 ms - 4785830[0m
[0mGET /js/app/entry.js [32m200 [0m1.691 ms - 4785830[0m
[0mGET /js/app/foo.js.map [33m404 [0m15.899 ms - 1336[0m
[0mGET /fonts/fontawesome-webfont.woff2?v=4.5.0 [32m200 [0m2.684 ms - 66624[0m
[0mGET /js/jquery.min.map [33m404 [0m14.517 ms - 1336[0m
[0mGET /native%20array.js [33m404 [0m13.719 ms - 1336[0m
[0mGET /native%20array.js [33m404 [0m6.740 ms - 1336[0m
[0mGET / [32m200 [0m22.395 ms - 1082[0m
[0mGET /css/core.css [32m200 [0m0.371 ms - 42615[0m
[0mGET /css/components.css [32m200 [0m0.558 ms - 48612[0m
[0mGET /css/bootstrap.css [32m200 [0m0.627 ms - 152912[0m
[0mGET /js/bootstrap-table/bootstrap-table.min.css [32m200 [0m0.532 ms - 4660[0m
[0mGET /css/pages.css [32m200 [0m0.529 ms - 38487[0m
[0mGET /css/icons.css [32m200 [0m0.612 ms - 198685[0m
[0mGET /js/datatables/datatables.css [32m200 [0m0.867 ms - 7703[0m
[0mGET /css/modal.css [32m200 [0m0.873 ms - 751[0m
[0mGET /css/style.css [32m200 [0m1.858 ms - 1486[0m
[0mGET /js/bootstrap.min.js [32m200 [0m1.312 ms - 36868[0m
[0mGET /js/jquery.min.js [32m200 [0m0.615 ms - 84380[0m
[0mGET /vendor/antd/antd.css [32m200 [0m0.365 ms - 391081[0m
[0mGET /js/dataTables.bootstrap.js [32m200 [0m0.984 ms - 4287[0m
[0mGET /js/datatables.editable.init.js [32m200 [0m0.316 ms - 5374[0m
[0mGET /js/bootstrap-table/bootstrap-table.min.js [32m200 [0m0.265 ms - 42832[0m
[0mGET /js/jquery.bs-table.js [32m200 [0m0.261 ms - 2487[0m
[0mGET /js/datatables/jquery.dataTables.js [32m200 [0m1.430 ms - 440911[0m
[0mGET /css/bootstrap.css.map [33m404 [0m8.576 ms - 1336[0m
[0mGET /vendor/antd/antd.css.map [32m200 [0m0.353 ms - 442622[0m
[0mGET /js/app/entry.js [32m200 [0m1.511 ms - 4785428[0m
[0mGET /js/app/entry.js [32m200 [0m1.016 ms - 4785428[0m
[0mGET /js/app/entry.js [32m200 [0m0.340 ms - 4785428[0m
[0mGET /js/app/foo.js.map [33m404 [0m13.393 ms - 1336[0m
[0mGET /js/jquery.min.map [33m404 [0m14.427 ms - 1336[0m
[0mGET /fonts/fontawesome-webfont.woff2?v=4.5.0 [32m200 [0m15.581 ms - 66624[0m
[0mGET /native%20array.js [33m404 [0m15.127 ms - 1336[0m
[0mGET /native%20array.js [33m404 [0m6.753 ms - 1336[0m
[0mGET /css/core.css [36m304 [0m1.133 ms - -[0m
[0mGET /css/bootstrap.css [36m304 [0m1.193 ms - -[0m
[0mGET /css/pages.css [36m304 [0m0.436 ms - -[0m
[0mGET /css/components.css [36m304 [0m0.394 ms - -[0m
[0mGET /css/icons.css [36m304 [0m0.391 ms - -[0m
[0mGET /js/bootstrap-table/bootstrap-table.min.css [36m304 [0m0.139 ms - -[0m
[0mGET /js/datatables/datatables.css [36m304 [0m0.141 ms - -[0m
[0mGET /css/modal.css [36m304 [0m0.133 ms - -[0m
[0mGET /css/style.css [36m304 [0m0.260 ms - -[0m
[0mGET /vendor/antd/antd.css [36m304 [0m0.267 ms - -[0m
[0mGET /js/jquery.min.map [33m404 [0m7.355 ms - 1336[0m
[0mGET /css/bootstrap.css.map [33m404 [0m5.909 ms - 1336[0m
[0mGET /vendor/antd/antd.css.map [32m200 [0m0.368 ms - 442622[0m
[0mGET / [32m200 [0m16.680 ms - 1082[0m
[0mGET /css/bootstrap.css [32m200 [0m0.442 ms - 152912[0m
[0mGET /css/core.css [32m200 [0m0.565 ms - 42615[0m
[0mGET /js/bootstrap-table/bootstrap-table.min.css [32m200 [0m1.194 ms - 4660[0m
[0mGET /css/components.css [32m200 [0m1.069 ms - 48612[0m
[0mGET /css/pages.css [32m200 [0m1.120 ms - 38487[0m
[0mGET /js/datatables/datatables.css [32m200 [0m0.608 ms - 7703[0m
[0mGET /css/modal.css [32m200 [0m0.362 ms - 751[0m
[0mGET /css/style.css [32m200 [0m1.435 ms - 1486[0m
[0mGET /js/jquery.min.js [32m200 [0m0.706 ms - 84380[0m
[0mGET /js/bootstrap.min.js [32m200 [0m0.351 ms - 36868[0m
[0mGET /vendor/antd/antd.css [32m200 [0m1.378 ms - 391081[0m
[0mGET /css/icons.css [32m200 [0m0.646 ms - 198685[0m
[0mGET /js/dataTables.bootstrap.js [32m200 [0m0.594 ms - 4287[0m
[0mGET /js/datatables.editable.init.js [32m200 [0m0.469 ms - 5374[0m
[0mGET /js/bootstrap-table/bootstrap-table.min.js [32m200 [0m0.345 ms - 42832[0m
[0mGET /js/jquery.bs-table.js [32m200 [0m0.436 ms - 2487[0m
[0mGET /css/bootstrap.css.map [33m404 [0m8.383 ms - 1336[0m
[0mGET /js/datatables/jquery.dataTables.js [32m200 [0m0.453 ms - 440911[0m
[0mGET /vendor/antd/antd.css.map [32m200 [0m0.371 ms - 442622[0m
[0mGET /js/app/entry.js [32m200 [0m1.446 ms - 4785391[0m
[0mGET /js/app/entry.js [32m200 [0m0.331 ms - 4785391[0m
[0mGET /js/app/entry.js [32m200 [0m0.576 ms - 4785391[0m
[0mGET /js/app/foo.js.map [33m404 [0m9.959 ms - 1336[0m
[0mGET /fonts/fontawesome-webfont.woff2?v=4.5.0 [32m200 [0m0.418 ms - 66624[0m
[0mGET /js/jquery.min.map [33m404 [0m10.987 ms - 1336[0m
[0mGET /native%20array.js [33m404 [0m24.857 ms - 1336[0m
[0mGET /native%20array.js [33m404 [0m9.966 ms - 1336[0m
[0mGET / [32m200 [0m22.098 ms - 1082[0m
[0mGET /css/components.css [32m200 [0m2.118 ms - 48612[0m
[0mGET /js/bootstrap-table/bootstrap-table.min.css [32m200 [0m2.421 ms - 4660[0m
[0mGET /css/core.css [32m200 [0m2.214 ms - 42615[0m
[0mGET /css/pages.css [32m200 [0m2.460 ms - 38487[0m
[0mGET /js/datatables/datatables.css [32m200 [0m0.363 ms - 7703[0m
[0mGET /css/modal.css [32m200 [0m0.739 ms - 751[0m
[0mGET /css/style.css [32m200 [0m0.720 ms - 1486[0m
[0mGET /css/bootstrap.css [32m200 [0m0.627 ms - 152912[0m
[0mGET /css/icons.css [32m200 [0m2.167 ms - 198685[0m
[0mGET /js/bootstrap.min.js [32m200 [0m0.862 ms - 36868[0m
[0mGET /js/jquery.min.js [32m200 [0m0.893 ms - 84380[0m
[0mGET /js/dataTables.bootstrap.js [32m200 [0m2.079 ms - 4287[0m
[0mGET /js/datatables.editable.init.js [32m200 [0m0.572 ms - 5374[0m
[0mGET /js/jquery.bs-table.js [32m200 [0m1.272 ms - 2487[0m
[0mGET /js/bootstrap-table/bootstrap-table.min.js [32m200 [0m1.135 ms - 42832[0m
[0mGET /vendor/antd/antd.css [32m200 [0m0.763 ms - 391081[0m
[0mGET /js/datatables/jquery.dataTables.js [32m200 [0m2.140 ms - 440911[0m
[0mGET /css/bootstrap.css.map [33m404 [0m7.169 ms - 1336[0m
[0mGET /vendor/antd/antd.css.map [32m200 [0m0.330 ms - 442622[0m
[0mGET /js/app/entry.js [32m200 [0m0.371 ms - 4785391[0m
[0mGET /js/app/entry.js [32m200 [0m0.407 ms - 4785391[0m
[0mGET /js/app/entry.js [32m200 [0m1.142 ms - 4785391[0m
[0mGET /js/app/foo.js.map [33m404 [0m12.457 ms - 1336[0m
[0mGET /fonts/fontawesome-webfont.woff2?v=4.5.0 [32m200 [0m0.518 ms - 66624[0m
[0mGET /js/jquery.min.map [33m404 [0m7.834 ms - 1336[0m
[0mGET /native%20array.js [33m404 [0m7.251 ms - 1336[0m
[0mGET /native%20array.js [33m404 [0m7.487 ms - 1336[0m
[0mGET / [32m200 [0m25.818 ms - 1082[0m
[0mGET /css/core.css [32m200 [0m2.349 ms - 42615[0m
[0mGET /css/pages.css [32m200 [0m2.365 ms - 38487[0m
[0mGET /css/components.css [32m200 [0m2.491 ms - 48612[0m
[0mGET /js/bootstrap-table/bootstrap-table.min.css [32m200 [0m2.060 ms - 4660[0m
[0mGET /css/bootstrap.css [32m200 [0m2.979 ms - 152912[0m
[0mGET /css/icons.css [32m200 [0m2.402 ms - 198685[0m
[0mGET /js/datatables/datatables.css [32m200 [0m0.499 ms - 7703[0m
[0mGET /css/modal.css [32m200 [0m0.656 ms - 751[0m
[0mGET /css/style.css [32m200 [0m0.631 ms - 1486[0m
[0mGET /vendor/antd/antd.css [32m200 [0m1.880 ms - 391081[0m
[0mGET /js/jquery.min.js [32m200 [0m1.101 ms - 84380[0m
[0mGET /js/dataTables.bootstrap.js [32m200 [0m0.810 ms - 4287[0m
[0mGET /js/bootstrap.min.js [32m200 [0m0.652 ms - 36868[0m
[0mGET /js/datatables.editable.init.js [32m200 [0m0.733 ms - 5374[0m
[0mGET /js/bootstrap-table/bootstrap-table.min.js [32m200 [0m1.286 ms - 42832[0m
[0mGET /js/jquery.bs-table.js [32m200 [0m0.345 ms - 2487[0m
[0mGET /js/datatables/jquery.dataTables.js [32m200 [0m0.954 ms - 440911[0m
[0mGET /css/bootstrap.css.map [33m404 [0m7.814 ms - 1336[0m
[0mGET /vendor/antd/antd.css.map [32m200 [0m0.395 ms - 442622[0m
[0mGET /js/app/entry.js [32m200 [0m1.257 ms - 4785430[0m
[0mGET /js/app/entry.js [32m200 [0m0.318 ms - 4785430[0m
[0mGET /js/app/entry.js [32m200 [0m0.989 ms - 4785430[0m
[0mGET /js/app/foo.js.map [33m404 [0m15.532 ms - 1336[0m
[0mGET /fonts/fontawesome-webfont.woff2?v=4.5.0 [32m200 [0m16.639 ms - 66624[0m
[0mGET /js/jquery.min.map [33m404 [0m10.795 ms - 1336[0m
[0mGET /native%20array.js [33m404 [0m7.045 ms - 1336[0m
[0mGET /native%20array.js [33m404 [0m8.799 ms - 1336[0m
[0mGET / [32m200 [0m31.396 ms - 1082[0m
[0mGET /css/core.css [32m200 [0m1.454 ms - 42615[0m
[0mGET /css/bootstrap.css [32m200 [0m1.220 ms - 152912[0m
[0mGET /css/pages.css [32m200 [0m1.394 ms - 38487[0m
[0mGET /css/components.css [32m200 [0m1.188 ms - 48612[0m
[0mGET /js/bootstrap-table/bootstrap-table.min.css [32m200 [0m0.830 ms - 4660[0m
[0mGET /css/icons.css [32m200 [0m1.508 ms - 198685[0m
[0mGET /js/datatables/datatables.css [32m200 [0m1.207 ms - 7703[0m
[0mGET /css/modal.css [32m200 [0m1.635 ms - 751[0m
[0mGET /vendor/antd/antd.css [32m200 [0m2.452 ms - 391081[0m
[0mGET /css/style.css [32m200 [0m0.441 ms - 1486[0m
[0mGET /js/bootstrap.min.js [32m200 [0m0.852 ms - 36868[0m
[0mGET /js/jquery.min.js [32m200 [0m1.225 ms - 84380[0m
[0mGET /js/datatables/jquery.dataTables.js [32m200 [0m0.372 ms - 440911[0m
[0mGET /js/dataTables.bootstrap.js [32m200 [0m0.377 ms - 4287[0m
[0mGET /js/datatables.editable.init.js [32m200 [0m1.042 ms - 5374[0m
[0mGET /js/jquery.bs-table.js [32m200 [0m0.429 ms - 2487[0m
[0mGET /js/bootstrap-table/bootstrap-table.min.js [32m200 [0m0.488 ms - 42832[0m
[0mGET /css/bootstrap.css.map [33m404 [0m18.638 ms - 1336[0m
[0mGET /vendor/antd/antd.css.map [32m200 [0m0.476 ms - 442622[0m
[0mGET /js/app/entry.js [32m200 [0m0.591 ms - 4785391[0m
[0mGET /js/app/entry.js [32m200 [0m0.941 ms - 4785391[0m
[0mGET /js/app/entry.js [32m200 [0m0.593 ms - 4785391[0m
[0mGET /js/app/foo.js.map [33m404 [0m35.835 ms - 1336[0m
[0mGET /fonts/fontawesome-webfont.woff2?v=4.5.0 [32m200 [0m2.297 ms - 66624[0m
[0mGET /js/jquery.min.map [33m404 [0m7.987 ms - 1336[0m
[0mGET /native%20array.js [33m404 [0m18.069 ms - 1336[0m
[0mGET /native%20array.js [33m404 [0m9.332 ms - 1336[0m
[0mGET / [32m200 [0m28.394 ms - 1082[0m
[0mGET /js/bootstrap-table/bootstrap-table.min.css [32m200 [0m1.109 ms - 4660[0m
[0mGET /css/components.css [32m200 [0m1.750 ms - 48612[0m
[0mGET /css/core.css [32m200 [0m1.413 ms - 42615[0m
[0mGET /css/pages.css [32m200 [0m1.048 ms - 38487[0m
[0mGET /css/bootstrap.css [32m200 [0m0.719 ms - 152912[0m
[0mGET /js/datatables/datatables.css [32m200 [0m0.393 ms - 7703[0m
[0mGET /css/modal.css [32m200 [0m0.334 ms - 751[0m
[0mGET /css/style.css [32m200 [0m2.161 ms - 1486[0m
[0mGET /js/jquery.min.js [32m200 [0m1.374 ms - 84380[0m
[0mGET /js/bootstrap.min.js [32m200 [0m0.266 ms - 36868[0m
[0mGET /css/icons.css [32m200 [0m1.436 ms - 198685[0m
[0mGET /js/dataTables.bootstrap.js [32m200 [0m2.227 ms - 4287[0m
[0mGET /js/datatables.editable.init.js [32m200 [0m1.140 ms - 5374[0m
[0mGET /js/jquery.bs-table.js [32m200 [0m0.407 ms - 2487[0m
[0mGET /js/bootstrap-table/bootstrap-table.min.js [32m200 [0m0.775 ms - 42832[0m
[0mGET /vendor/antd/antd.css [32m200 [0m2.524 ms - 391081[0m
[0mGET /js/datatables/jquery.dataTables.js [32m200 [0m0.339 ms - 440911[0m
[0mGET /css/bootstrap.css.map [33m404 [0m13.708 ms - 1336[0m
[0mGET /vendor/antd/antd.css.map [32m200 [0m0.657 ms - 442622[0m
[0mGET /js/app/entry.js [32m200 [0m2.337 ms - 4785430[0m
[0mGET /js/app/entry.js [32m200 [0m0.486 ms - 4785430[0m
[0mGET /js/app/entry.js [32m200 [0m0.904 ms - 4785430[0m
[0mGET /js/app/foo.js.map [33m404 [0m19.001 ms - 1336[0m
[0mGET /fonts/fontawesome-webfont.woff2?v=4.5.0 [32m200 [0m1.028 ms - 66624[0m
[0mGET /js/jquery.min.map [33m404 [0m8.083 ms - 1336[0m
[0mGET /native%20array.js [33m404 [0m10.069 ms - 1336[0m
[0mGET /native%20array.js [33m404 [0m6.477 ms - 1336[0m
[0mGET /css/bootstrap.css [36m304 [0m1.135 ms - -[0m
[0mGET /css/core.css [36m304 [0m0.711 ms - -[0m
[0mGET /css/icons.css [36m304 [0m0.424 ms - -[0m
[0mGET /css/components.css [36m304 [0m0.246 ms - -[0m
[0mGET /css/pages.css [36m304 [0m0.167 ms - -[0m
[0mGET /js/bootstrap-table/bootstrap-table.min.css [36m304 [0m0.171 ms - -[0m
[0mGET /js/datatables/datatables.css [36m304 [0m0.135 ms - -[0m
[0mGET /css/modal.css [36m304 [0m0.177 ms - -[0m
[0mGET /vendor/antd/antd.css [36m304 [0m0.149 ms - -[0m
[0mGET /css/style.css [36m304 [0m0.211 ms - -[0m
[0mGET /js/jquery.min.map [33m404 [0m10.803 ms - 1336[0m
[0mGET /css/bootstrap.css.map [33m404 [0m17.804 ms - 1336[0m
[0mGET /vendor/antd/antd.css.map [32m200 [0m0.841 ms - 442622[0m
[0mGET / [32m200 [0m31.129 ms - 1082[0m
[0mGET /css/core.css [32m200 [0m0.840 ms - 42615[0m
[0mGET /css/components.css [32m200 [0m1.515 ms - 48612[0m
[0mGET /js/bootstrap-table/bootstrap-table.min.css [32m200 [0m1.287 ms - 4660[0m
[0mGET /css/pages.css [32m200 [0m1.639 ms - 38487[0m
[0mGET /js/datatables/datatables.css [32m200 [0m0.376 ms - 7703[0m
[0mGET /css/modal.css [32m200 [0m0.724 ms - 751[0m
[0mGET /css/bootstrap.css [32m200 [0m1.940 ms - 152912[0m
[0mGET /css/style.css [32m200 [0m0.441 ms - 1486[0m
[0mGET /js/jquery.min.js [32m200 [0m0.351 ms - 84380[0m
[0mGET /js/bootstrap.min.js [32m200 [0m0.321 ms - 36868[0m
[0mGET /js/dataTables.bootstrap.js [32m200 [0m0.547 ms - 4287[0m
[0mGET /js/datatables.editable.init.js [32m200 [0m0.329 ms - 5374[0m
[0mGET /js/bootstrap-table/bootstrap-table.min.js [32m200 [0m0.505 ms - 42832[0m
[0mGET /css/icons.css [32m200 [0m0.952 ms - 198685[0m
[0mGET /js/datatables/jquery.dataTables.js [32m200 [0m0.485 ms - 440911[0m
[0mGET /js/jquery.bs-table.js [32m200 [0m0.452 ms - 2487[0m
[0mGET /vendor/antd/antd.css [32m200 [0m0.461 ms - 391081[0m
[0mGET /css/bootstrap.css.map [33m404 [0m22.473 ms - 1336[0m
[0mGET /vendor/antd/antd.css.map [32m200 [0m22.396 ms - 442622[0m
[0mGET /js/app/entry.js [32m200 [0m0.355 ms - 4785430[0m
[0mGET /js/app/entry.js [32m200 [0m0.928 ms - 4785430[0m
[0mGET /js/app/entry.js [32m200 [0m0.393 ms - 4785430[0m
[0mGET /js/app/foo.js.map [33m404 [0m9.936 ms - 1336[0m
[0mGET /fonts/fontawesome-webfont.woff2?v=4.5.0 [32m200 [0m0.524 ms - 66624[0m
[0mGET /js/jquery.min.map [33m404 [0m7.176 ms - 1336[0m
[0mGET /native%20array.js [33m404 [0m6.561 ms - 1336[0m
[0mGET /native%20array.js [33m404 [0m6.183 ms - 1336[0m
[0mGET / [32m200 [0m29.244 ms - 1082[0m
[0mGET /css/core.css [32m200 [0m0.507 ms - 42615[0m
[0mGET /css/bootstrap.css [32m200 [0m0.527 ms - 152912[0m
[0mGET /css/icons.css [32m200 [0m0.427 ms - 198685[0m
[0mGET /css/components.css [32m200 [0m0.429 ms - 48612[0m
[0mGET /css/pages.css [32m200 [0m0.342 ms - 38487[0m
[0mGET /js/bootstrap-table/bootstrap-table.min.css [32m200 [0m0.343 ms - 4660[0m
[0mGET /js/datatables/datatables.css [32m200 [0m1.197 ms - 7703[0m
[0mGET /css/modal.css [32m200 [0m0.323 ms - 751[0m
[0mGET /css/style.css [32m200 [0m0.485 ms - 1486[0m
[0mGET /js/jquery.min.js [32m200 [0m0.533 ms - 84380[0m
[0mGET /js/bootstrap.min.js [32m200 [0m0.467 ms - 36868[0m
[0mGET /js/dataTables.bootstrap.js [32m200 [0m0.309 ms - 4287[0m
[0mGET /vendor/antd/antd.css [32m200 [0m0.551 ms - 391081[0m
[0mGET /js/datatables.editable.init.js [32m200 [0m0.382 ms - 5374[0m
[0mGET /js/bootstrap-table/bootstrap-table.min.js [32m200 [0m0.278 ms - 42832[0m
[0mGET /js/jquery.bs-table.js [32m200 [0m0.301 ms - 2487[0m
[0mGET /js/datatables/jquery.dataTables.js [32m200 [0m0.378 ms - 440911[0m
[0mGET /css/bootstrap.css.map [33m404 [0m18.542 ms - 1336[0m
[0mGET /vendor/antd/antd.css.map [32m200 [0m17.761 ms - 442622[0m
[0mGET /js/app/entry.js [32m200 [0m0.490 ms - 4785464[0m
[0mGET /js/app/entry.js [32m200 [0m0.658 ms - 4785464[0m
[0mGET /js/app/entry.js [32m200 [0m0.339 ms - 4785464[0m
[0mGET /js/app/foo.js.map [33m404 [0m12.385 ms - 1336[0m
[0mGET /fonts/fontawesome-webfont.woff2?v=4.5.0 [32m200 [0m0.451 ms - 66624[0m
[0mGET /js/jquery.min.map [33m404 [0m5.800 ms - 1336[0m
[0mGET /native%20array.js [33m404 [0m10.326 ms - 1336[0m
[0mGET /native%20array.js [33m404 [0m5.412 ms - 1336[0m
[0mGET / [32m200 [0m25.832 ms - 1082[0m
[0mGET /css/core.css [32m200 [0m1.324 ms - 42615[0m
[0mGET /css/components.css [32m200 [0m1.455 ms - 48612[0m
[0mGET /css/bootstrap.css [32m200 [0m0.410 ms - 152912[0m
[0mGET /css/pages.css [32m200 [0m1.013 ms - 38487[0m
[0mGET /js/bootstrap-table/bootstrap-table.min.css [32m200 [0m0.785 ms - 4660[0m
[0mGET /css/icons.css [32m200 [0m1.333 ms - 198685[0m
[0mGET /js/datatables/datatables.css [32m200 [0m0.348 ms - 7703[0m
[0mGET /css/modal.css [32m200 [0m0.269 ms - 751[0m
[0mGET /css/style.css [32m200 [0m0.335 ms - 1486[0m
[0mGET /vendor/antd/antd.css [32m200 [0m0.323 ms - 391081[0m
[0mGET /js/jquery.min.js [32m200 [0m0.271 ms - 84380[0m
[0mGET /js/bootstrap.min.js [32m200 [0m0.347 ms - 36868[0m
[0mGET /js/dataTables.bootstrap.js [32m200 [0m0.484 ms - 4287[0m
[0mGET /js/datatables.editable.init.js [32m200 [0m0.440 ms - 5374[0m
[0mGET /js/bootstrap-table/bootstrap-table.min.js [32m200 [0m0.613 ms - 42832[0m
[0mGET /js/jquery.bs-table.js [32m200 [0m1.019 ms - 2487[0m
[0mGET /css/bootstrap.css.map [33m404 [0m8.657 ms - 1336[0m
[0mGET /js/datatables/jquery.dataTables.js [32m200 [0m0.464 ms - 440911[0m
[0mGET /vendor/antd/antd.css.map [32m200 [0m0.466 ms - 442622[0m
[0mGET /js/app/entry.js [32m200 [0m0.319 ms - 4785391[0m
[0mGET /js/app/entry.js [32m200 [0m0.968 ms - 4785391[0m
[0mGET /js/app/entry.js [32m200 [0m0.976 ms - 4785391[0m
[0mGET /js/app/foo.js.map [33m404 [0m5.987 ms - 1336[0m
[0mGET /fonts/fontawesome-webfont.woff2?v=4.5.0 [32m200 [0m0.395 ms - 66624[0m
[0mGET /js/jquery.min.map [33m404 [0m5.955 ms - 1336[0m
[0mGET /native%20array.js [33m404 [0m13.665 ms - 1336[0m
[0mGET /native%20array.js [33m404 [0m6.133 ms - 1336[0m
[0mGET / [32m200 [0m21.535 ms - 1082[0m
[0mGET /css/core.css [32m200 [0m0.538 ms - 42615[0m
[0mGET /css/pages.css [32m200 [0m1.077 ms - 38487[0m
[0mGET /css/components.css [32m200 [0m1.472 ms - 48612[0m
[0mGET /js/bootstrap-table/bootstrap-table.min.css [32m200 [0m0.645 ms - 4660[0m
[0mGET /css/icons.css [32m200 [0m0.347 ms - 198685[0m
[0mGET /css/bootstrap.css [32m200 [0m0.482 ms - 152912[0m
[0mGET /js/datatables/datatables.css [32m200 [0m0.429 ms - 7703[0m
[0mGET /css/modal.css [32m200 [0m0.386 ms - 751[0m
[0mGET /css/style.css [32m200 [0m0.347 ms - 1486[0m
[0mGET /js/jquery.min.js [32m200 [0m1.011 ms - 84380[0m
[0mGET /js/bootstrap.min.js [32m200 [0m0.498 ms - 36868[0m
[0mGET /js/dataTables.bootstrap.js [32m200 [0m1.927 ms - 4287[0m
[0mGET /vendor/antd/antd.css [32m200 [0m0.421 ms - 391081[0m
[0mGET /js/datatables.editable.init.js [32m200 [0m0.518 ms - 5374[0m
[0mGET /js/bootstrap-table/bootstrap-table.min.js [32m200 [0m1.081 ms - 42832[0m
[0mGET /js/jquery.bs-table.js [32m200 [0m0.477 ms - 2487[0m
[0mGET /js/datatables/jquery.dataTables.js [32m200 [0m0.904 ms - 440911[0m
[0mGET /css/bootstrap.css.map [33m404 [0m19.723 ms - 1336[0m
[0mGET /vendor/antd/antd.css.map [32m200 [0m0.512 ms - 442622[0m
[0mGET /js/app/entry.js [32m200 [0m0.419 ms - 4785425[0m
[0mGET /js/app/entry.js [32m200 [0m0.398 ms - 4785425[0m
[0mGET /js/app/entry.js [32m200 [0m0.661 ms - 4785425[0m
[0mGET /js/app/foo.js.map [33m404 [0m8.370 ms - 1336[0m
[0mGET /fonts/fontawesome-webfont.woff2?v=4.5.0 [32m200 [0m0.415 ms - 66624[0m
[0mGET /js/jquery.min.map [33m404 [0m10.616 ms - 1336[0m
[0mGET /native%20array.js [33m404 [0m17.618 ms - 1336[0m
[0mGET /native%20array.js [33m404 [0m6.644 ms - 1336[0m
[0mGET / [32m200 [0m19.951 ms - 1082[0m
[0mGET /css/bootstrap.css [36m304 [0m0.273 ms - -[0m
[0mGET /css/core.css [36m304 [0m0.150 ms - -[0m
[0mGET /css/icons.css [36m304 [0m0.167 ms - -[0m
[0mGET /css/components.css [36m304 [0m0.248 ms - -[0m
[0mGET /css/pages.css [36m304 [0m0.243 ms - -[0m
[0mGET /js/bootstrap-table/bootstrap-table.min.css [36m304 [0m0.159 ms - -[0m
[0mGET /js/datatables/datatables.css [36m304 [0m0.157 ms - -[0m
[0mGET /css/modal.css [36m304 [0m0.144 ms - -[0m
[0mGET /vendor/antd/antd.css [36m304 [0m0.187 ms - -[0m
[0mGET /css/style.css [36m304 [0m0.132 ms - -[0m
[0mGET /js/app/entry.js [36m304 [0m0.128 ms - -[0m
[0mGET /js/jquery.min.js [36m304 [0m0.125 ms - -[0m
[0mGET /js/bootstrap.min.js [36m304 [0m0.146 ms - -[0m
[0mGET /js/datatables/jquery.dataTables.js [36m304 [0m0.675 ms - -[0m
[0mGET /js/dataTables.bootstrap.js [36m304 [0m0.177 ms - -[0m
[0mGET /js/datatables.editable.init.js [36m304 [0m0.229 ms - -[0m
[0mGET /js/bootstrap-table/bootstrap-table.min.js [36m304 [0m0.221 ms - -[0m
[0mGET /js/jquery.bs-table.js [36m304 [0m0.207 ms - -[0m
[0mGET /js/app/entry.js [36m304 [0m0.270 ms - -[0m
[0mGET /js/app/entry.js [36m304 [0m0.521 ms - -[0m
[0mGET /js/app/foo.js.map [33m404 [0m10.531 ms - 1336[0m
[0mGET /fonts/fontawesome-webfont.woff2?v=4.5.0 [36m304 [0m1.600 ms - -[0m
[0mGET /native%20array.js [33m404 [0m15.788 ms - 1336[0m
[0mGET /native%20array.js [33m404 [0m8.518 ms - 1336[0m
[0mGET / [32m200 [0m31.087 ms - 1082[0m
[0mGET /css/bootstrap.css [36m304 [0m0.534 ms - -[0m
[0mGET /css/core.css [36m304 [0m0.625 ms - -[0m
[0mGET /css/icons.css [36m304 [0m0.237 ms - -[0m
[0mGET /js/bootstrap-table/bootstrap-table.min.css [36m304 [0m0.193 ms - -[0m
[0mGET /css/components.css [36m304 [0m0.228 ms - -[0m
[0mGET /css/modal.css [36m304 [0m0.175 ms - -[0m
[0mGET /vendor/antd/antd.css [36m304 [0m1.120 ms - -[0m
[0mGET /js/datatables/datatables.css [36m304 [0m1.731 ms - -[0m
[0mGET /css/style.css [36m304 [0m1.141 ms - -[0m
[0mGET /js/app/entry.js [36m304 [0m0.860 ms - -[0m
[0mGET /js/jquery.min.js [36m304 [0m1.434 ms - -[0m
[0mGET /css/pages.css [36m304 [0m0.959 ms - -[0m
[0mGET /js/bootstrap.min.js [36m304 [0m0.501 ms - -[0m
[0mGET /js/datatables/jquery.dataTables.js [36m304 [0m0.251 ms - -[0m
[0mGET /js/datatables.editable.init.js [36m304 [0m0.251 ms - -[0m
[0mGET /js/bootstrap-table/bootstrap-table.min.js [36m304 [0m1.097 ms - -[0m
[0mGET /js/jquery.bs-table.js [36m304 [0m1.084 ms - -[0m
[0mGET /js/app/entry.js [36m304 [0m0.590 ms - -[0m
[0mGET /js/dataTables.bootstrap.js [36m304 [0m0.602 ms - -[0m
[0mGET /js/app/entry.js [36m304 [0m0.294 ms - -[0m
[0mGET /js/app/foo.js.map [33m404 [0m12.184 ms - 1336[0m
[0mGET /fonts/fontawesome-webfont.woff2?v=4.5.0 [36m304 [0m0.203 ms - -[0m
[0mGET /native%20array.js [33m404 [0m18.404 ms - 1336[0m
[0mGET /native%20array.js [33m404 [0m15.936 ms - 1336[0m
[0mGET /css/bootstrap.css [36m304 [0m0.301 ms - -[0m
[0mGET /css/core.css [36m304 [0m0.804 ms - -[0m
[0mGET /css/icons.css [36m304 [0m0.846 ms - -[0m
[0mGET /css/components.css [36m304 [0m0.425 ms - -[0m
[0mGET /css/pages.css [36m304 [0m0.440 ms - -[0m
[0mGET /js/bootstrap-table/bootstrap-table.min.css [36m304 [0m0.213 ms - -[0m
[0mGET /css/modal.css [36m304 [0m0.204 ms - -[0m
[0mGET /vendor/antd/antd.css [36m304 [0m0.155 ms - -[0m
[0mGET /css/style.css [36m304 [0m0.158 ms - -[0m
[0mGET /js/datatables/datatables.css [36m304 [0m0.154 ms - -[0m
[0mGET /js/jquery.min.map [33m404 [0m8.835 ms - 1336[0m
[0mGET /css/bootstrap.css.map [33m404 [0m5.060 ms - 1336[0m
[0mGET /vendor/antd/antd.css.map [32m200 [0m0.335 ms - 442622[0m
[0mGET /js/jquery.min.map [33m404 [0m11.973 ms - 1336[0m
[0mGET /css/bootstrap.css.map [33m404 [0m6.440 ms - 1336[0m
[0mGET /vendor/antd/antd.css.map [32m200 [0m0.387 ms - 442622[0m
[0mGET /js/jquery.min.map [33m404 [0m16.173 ms - 1336[0m
[0mGET /css/bootstrap.css.map [33m404 [0m7.550 ms - 1336[0m
[0mGET /vendor/antd/antd.css.map [32m200 [0m0.492 ms - 442622[0m
[0mGET / [32m200 [0m19.214 ms - 1082[0m
[0mGET /css/core.css [32m200 [0m0.429 ms - 42615[0m
[0mGET /css/components.css [32m200 [0m0.419 ms - 48612[0m
[0mGET /css/pages.css [32m200 [0m0.361 ms - 38487[0m
[0mGET /js/bootstrap-table/bootstrap-table.min.css [32m200 [0m0.329 ms - 4660[0m
[0mGET /css/bootstrap.css [32m200 [0m0.399 ms - 152912[0m
[0mGET /css/icons.css [32m200 [0m0.686 ms - 198685[0m
[0mGET /js/datatables/datatables.css [32m200 [0m0.349 ms - 7703[0m
[0mGET /css/modal.css [32m200 [0m0.333 ms - 751[0m
[0mGET /css/style.css [32m200 [0m0.327 ms - 1486[0m
[0mGET /js/jquery.min.js [32m200 [0m1.453 ms - 84380[0m
[0mGET /js/bootstrap.min.js [32m200 [0m2.063 ms - 36868[0m
[0mGET /js/dataTables.bootstrap.js [32m200 [0m0.486 ms - 4287[0m
[0mGET /js/datatables.editable.init.js [32m200 [0m0.906 ms - 5374[0m
[0mGET /js/bootstrap-table/bootstrap-table.min.js [32m200 [0m1.789 ms - 42832[0m
[0mGET /js/jquery.bs-table.js [32m200 [0m0.757 ms - 2487[0m
[0mGET /vendor/antd/antd.css [32m200 [0m0.359 ms - 391081[0m
[0mGET /js/datatables/jquery.dataTables.js [32m200 [0m0.916 ms - 440911[0m
[0mGET /css/bootstrap.css.map [33m404 [0m12.817 ms - 1336[0m
[0mGET /vendor/antd/antd.css.map [32m200 [0m12.685 ms - 442622[0m
[0mGET /js/app/entry.js [32m200 [0m1.097 ms - 4785523[0m
[0mGET /js/app/entry.js [32m200 [0m0.340 ms - 4785523[0m
[0mGET /js/app/entry.js [32m200 [0m0.529 ms - 4785523[0m
[0mGET /js/app/foo.js.map [33m404 [0m14.159 ms - 1336[0m
[0mGET /fonts/fontawesome-webfont.woff2?v=4.5.0 [32m200 [0m0.401 ms - 66624[0m
[0mGET /js/jquery.min.map [33m404 [0m8.806 ms - 1336[0m
[0mGET /native%20array.js [33m404 [0m15.098 ms - 1336[0m
[0mGET /native%20array.js [33m404 [0m6.142 ms - 1336[0m
[0mGET / [32m200 [0m17.422 ms - 1082[0m
[0mGET /css/core.css [32m200 [0m0.453 ms - 42615[0m
[0mGET /css/components.css [32m200 [0m0.470 ms - 48612[0m
[0mGET /css/pages.css [32m200 [0m0.368 ms - 38487[0m
[0mGET /js/bootstrap-table/bootstrap-table.min.css [32m200 [0m0.319 ms - 4660[0m
[0mGET /js/datatables/datatables.css [32m200 [0m0.304 ms - 7703[0m
[0mGET /css/modal.css [32m200 [0m0.255 ms - 751[0m
[0mGET /css/bootstrap.css [32m200 [0m0.429 ms - 152912[0m
[0mGET /css/style.css [32m200 [0m0.410 ms - 1486[0m
[0mGET /js/jquery.min.js [32m200 [0m0.535 ms - 84380[0m
[0mGET /js/bootstrap.min.js [32m200 [0m0.391 ms - 36868[0m
[0mGET /js/dataTables.bootstrap.js [32m200 [0m0.441 ms - 4287[0m
[0mGET /js/datatables.editable.init.js [32m200 [0m1.065 ms - 5374[0m
[0mGET /js/bootstrap-table/bootstrap-table.min.js [32m200 [0m0.399 ms - 42832[0m
[0mGET /js/jquery.bs-table.js [32m200 [0m1.052 ms - 2487[0m
[0mGET /vendor/antd/antd.css [32m200 [0m0.505 ms - 391081[0m
[0mGET /css/icons.css [32m200 [0m0.484 ms - 198685[0m
[0mGET /js/datatables/jquery.dataTables.js [32m200 [0m1.014 ms - 440911[0m
[0mGET /css/bootstrap.css.map [33m404 [0m5.988 ms - 1336[0m
[0mGET /vendor/antd/antd.css.map [32m200 [0m0.290 ms - 442622[0m
[0mGET /js/app/entry.js [32m200 [0m0.378 ms - 4785537[0m
[0mGET /js/app/entry.js [32m200 [0m1.007 ms - 4785537[0m
[0mGET /js/app/entry.js [32m200 [0m1.213 ms - 4785537[0m
[0mGET /js/app/foo.js.map [33m404 [0m17.107 ms - 1336[0m
[0mGET /fonts/fontawesome-webfont.woff2?v=4.5.0 [32m200 [0m0.426 ms - 66624[0m
[0mGET /js/jquery.min.map [33m404 [0m5.469 ms - 1336[0m
[0mGET /native%20array.js [33m404 [0m18.006 ms - 1336[0m
[0mGET /native%20array.js [33m404 [0m8.667 ms - 1336[0m
